Performing C SOURCE FILE Test CMAKE_HAVE_LIBC_PTHREAD failed with the following output:
Change Dir: /home/wzj/softFinal/CnSoftwareBei/build/CMakeFiles/CMakeTmp

Run Build Command(s):/usr/bin/make cmTC_05fc2/fast && /usr/bin/make  -f CMakeFiles/cmTC_05fc2.dir/build.make CMakeFiles/cmTC_05fc2.dir/build
make[1]: 进入目录“/home/wzj/softFinal/CnSoftwareBei/build/CMakeFiles/CMakeTmp”
Building C object CMakeFiles/cmTC_05fc2.dir/src.c.o
/usr/bin/gcc -DCMAKE_HAVE_LIBC_PTHREAD  -O3   -o CMakeFiles/cmTC_05fc2.dir/src.c.o -c /home/wzj/softFinal/CnSoftwareBei/build/CMakeFiles/CMakeTmp/src.c
Linking C executable cmTC_05fc2
/usr/local/bin/cmake -E cmake_link_script CMakeFiles/cmTC_05fc2.dir/link.txt --verbose=1
/usr/bin/gcc  -O3   -rdynamic CMakeFiles/cmTC_05fc2.dir/src.c.o -o cmTC_05fc2 
/usr/bin/ld: CMakeFiles/cmTC_05fc2.dir/src.c.o: in function `main':
src.c:(.text.startup+0x29): undefined reference to `pthread_create'
/usr/bin/ld: src.c:(.text.startup+0x32): undefined reference to `pthread_detach'
/usr/bin/ld: src.c:(.text.startup+0x3b): undefined reference to `pthread_cancel'
/usr/bin/ld: src.c:(.text.startup+0x46): undefined reference to `pthread_join'
collect2: error: ld returned 1 exit status
make[1]: *** [CMakeFiles/cmTC_05fc2.dir/build.make:106：cmTC_05fc2] 错误 1
make[1]: 离开目录“/home/wzj/softFinal/CnSoftwareBei/build/CMakeFiles/CMakeTmp”
make: *** [Makefile:140：cmTC_05fc2/fast] 错误 2


Source file was:
#include <pthread.h>

static void* test_func(void* data)
{
  return data;
}

int main(void)
{
  pthread_t thread;
  pthread_create(&thread, NULL, test_func, NULL);
  pthread_detach(thread);
  pthread_cancel(thread);
  pthread_join(thread, NULL);
  pthread_atfork(NULL, NULL, NULL);
  pthread_exit(NULL);

  return 0;
}

Determining if the function pthread_create exists in the pthreads failed with the following output:
Change Dir: /home/wzj/softFinal/CnSoftwareBei/build/CMakeFiles/CMakeTmp

Run Build Command(s):/usr/bin/make cmTC_bc43a/fast && /usr/bin/make  -f CMakeFiles/cmTC_bc43a.dir/build.make CMakeFiles/cmTC_bc43a.dir/build
make[1]: 进入目录“/home/wzj/softFinal/CnSoftwareBei/build/CMakeFiles/CMakeTmp”
Building C object CMakeFiles/cmTC_bc43a.dir/CheckFunctionExists.c.o
/usr/bin/gcc   -O3  -DCHECK_FUNCTION_EXISTS=pthread_create -o CMakeFiles/cmTC_bc43a.dir/CheckFunctionExists.c.o -c /usr/local/share/cmake-3.19/Modules/CheckFunctionExists.c
Linking C executable cmTC_bc43a
/usr/local/bin/cmake -E cmake_link_script CMakeFiles/cmTC_bc43a.dir/link.txt --verbose=1
/usr/bin/gcc  -O3  -DCHECK_FUNCTION_EXISTS=pthread_create -rdynamic CMakeFiles/cmTC_bc43a.dir/CheckFunctionExists.c.o -o cmTC_bc43a  -lpthreads 
/usr/bin/ld: 找不到 -lpthreads
collect2: error: ld returned 1 exit status
make[1]: *** [CMakeFiles/cmTC_bc43a.dir/build.make:106：cmTC_bc43a] 错误 1
make[1]: 离开目录“/home/wzj/softFinal/CnSoftwareBei/build/CMakeFiles/CMakeTmp”
make: *** [Makefile:140：cmTC_bc43a/fast] 错误 2



